proguard/seeds.txt
com.spacecaker.butter.BuildConfig
com.spacecaker.butter.BuildConfig: boolean DEBUG
com.spacecaker.butter.BuildConfig: BuildConfig()
com.spacecaker.butter.Constants
com.spacecaker.butter.Constants: java.lang.String LASTFM_API_KEY
com.spacecaker.butter.Constants: java.lang.String APOLLO
com.spacecaker.butter.Constants: java.lang.String APOLLO_PREFERENCES
com.spacecaker.butter.Constants: java.lang.String ARTIST_KEY
com.spacecaker.butter.Constants: java.lang.String ALBUM_KEY
com.spacecaker.butter.Constants: java.lang.String ALBUM_ID_KEY
com.spacecaker.butter.Constants: java.lang.String NUMALBUMS
com.spacecaker.butter.Constants: java.lang.String GENRE_KEY
com.spacecaker.butter.Constants: java.lang.String ARTIST_ID
com.spacecaker.butter.Constants: java.lang.String NUMWEEKS
com.spacecaker.butter.Constants: java.lang.String PLAYLIST_NAME_FAVORITES
com.spacecaker.butter.Constants: java.lang.String PLAYLIST_NAME
com.spacecaker.butter.Constants: java.lang.String WIDGET_STYLE
com.spacecaker.butter.Constants: java.lang.String THEME_PACKAGE_NAME
com.spacecaker.butter.Constants: java.lang.String THEME_DESCRIPTION
com.spacecaker.butter.Constants: java.lang.String THEME_PREVIEW
com.spacecaker.butter.Constants: java.lang.String THEME_TITLE
com.spacecaker.butter.Constants: java.lang.String VISUALIZATION_TYPE
com.spacecaker.butter.Constants: java.lang.String UP_STARTS_ALBUM_ACTIVITY
com.spacecaker.butter.Constants: java.lang.String TABS_ENABLED
com.spacecaker.butter.Constants: java.lang.String TYPE_ARTIST
com.spacecaker.butter.Constants: java.lang.String TYPE_ALBUM
com.spacecaker.butter.IApolloService
com.spacecaker.butter.IApolloService: void openFile(java.lang.String)
com.spacecaker.butter.IApolloService: void open(long[],int)
com.spacecaker.butter.IApolloService: long getIdFromPath(java.lang.String)
com.spacecaker.butter.IApolloService: int getQueuePosition()
com.spacecaker.butter.IApolloService: boolean isPlaying()
com.spacecaker.butter.IApolloService: void stop()
com.spacecaker.butter.IApolloService: void pause()
com.spacecaker.butter.IApolloService: void play()
com.spacecaker.butter.IApolloService: void prev()
com.spacecaker.butter.IApolloService: void next()
com.spacecaker.butter.IApolloService: long duration()
com.spacecaker.butter.IApolloService: long position()
com.spacecaker.butter.IApolloService: long seek(long)
com.spacecaker.butter.IApolloService: java.lang.String getTrackName()
com.spacecaker.butter.IApolloService: java.lang.String getAlbumName()
com.spacecaker.butter.IApolloService: long getAlbumId()
com.spacecaker.butter.IApolloService: android.graphics.Bitmap getAlbumBitmap()
com.spacecaker.butter.IApolloService: java.lang.String getArtistName()
com.spacecaker.butter.IApolloService: long getArtistId()
com.spacecaker.butter.IApolloService: void enqueue(long[],int)
com.spacecaker.butter.IApolloService: long[] getQueue()
com.spacecaker.butter.IApolloService: void setQueuePosition(int)
com.spacecaker.butter.IApolloService: java.lang.String getPath()
com.spacecaker.butter.IApolloService: long getAudioId()
com.spacecaker.butter.IApolloService$Stub
com.spacecaker.butter.IApolloService$Stub: IApolloService$Stub()
com.spacecaker.butter.IApolloService$Stub: com.spacecaker.butter.IApolloService asInterface(android.os.IBinder)
com.spacecaker.butter.IApolloService$Stub: android.os.IBinder asBinder()
com.spacecaker.butter.IApolloService$Stub: boolean onTransact(int,android.os.Parcel,android.os.Parcel,int)
...
android.support.v4.view.MenuCompat
android.support.v4.view.MenuCompat: android.support.v4.view.MenuCompat$MenuVersionImpl IMPL
android.support.v4.view.MenuCompat: MenuCompat()
android.support.v4.view.MenuCompat: boolean setShowAsAction(android.view.MenuItem,int)
android.support.v4.view.MenuCompat: void <clinit>()
android.support.v4.view.MenuCompat$BaseMenuVersionImpl
android.support.v4.view.MenuCompat$BaseMenuVersionImpl: MenuCompat$BaseMenuVersionImpl()
android.support.v4.view.MenuCompat$BaseMenuVersionImpl: boolean setShowAsAction(android.view.MenuItem,int)
android.support.v4.view.MenuCompat$HoneycombMenuVersionImpl
android.support.v4.view.MenuCompat$HoneycombMenuVersionImpl: MenuCompat$HoneycombMenuVersionImpl()
android.support.v4.view.MenuCompat$HoneycombMenuVersionImpl: boolean setShowAsAction(android.view.MenuItem,int)
android.support.v4.view.MenuCompat$MenuVersionImpl
android.support.v4.view.MenuCompat$MenuVersionImpl: boolean setShowAsAction(android.view.MenuItem,int)
android.support.v4.view.MenuItemCompat
android.support.v4.view.MenuItemCompat: int SHOW_AS_ACTION_NEVER
android.support.v4.view.MenuItemCompat: int SHOW_AS_ACTION_IF_ROOM
android.support.v4.view.MenuItemCompat: int SHOW_AS_ACTION_ALWAYS
android.support.v4.view.MenuItemCompat: int SHOW_AS_ACTION_WITH_TEXT
android.support.v4.view.MenuItemCompat: int SHOW_AS_ACTION_COLLAPSE_ACTION_VIEW
android.support.v4.view.MenuItemCompat: android.support.v4.view.MenuItemCompat$MenuVersionImpl IMPL
android.support.v4.view.MenuItemCompat: MenuItemCompat()
android.support.v4.view.MenuItemCompat: boolean setShowAsAction(android.view.MenuItem,int)
android.support.v4.view.MenuItemCompat: android.view.MenuItem setActionView(android.view.MenuItem,android.view.View)
android.support.v4.view.MenuItemCompat: void <clinit>()
android.support.v4.view.MenuItemCompat$BaseMenuVersionImpl
android.support.v4.view.MenuItemCompat$BaseMenuVersionImpl: MenuItemCompat$BaseMenuVersionImpl()
android.support.v4.view.MenuItemCompat$BaseMenuVersionImpl: boolean setShowAsAction(android.view.MenuItem,int)
android.support.v4.view.MenuItemCompat$BaseMenuVersionImpl: android.view.MenuItem setActionView(android.view.MenuItem,android.view.View)
android.support.v4.view.MenuItemCompat$HoneycombMenuVersionImpl
android.support.v4.view.MenuItemCompat$HoneycombMenuVersionImpl: MenuItemCompat$HoneycombMenuVersionImpl()
android.support.v4.view.MenuItemCompat$HoneycombMenuVersionImpl: boolean setShowAsAction(android.view.MenuItem,int)
android.support.v4.view.MenuItemCompat$HoneycombMenuVersionImpl: android.view.MenuItem setActionView(android.view.MenuItem,android.view.View)
android.support.v4.view.MenuItemCompat$MenuVersionImpl
android.support.v4.view.MenuItemCompat$MenuVersionImpl: boolean setShowAsAction(android.view.MenuItem,int)
android.support.v4.view.MenuItemCompat$MenuVersionImpl: android.view.MenuItem setActionView(android.view.MenuItem,android.view.View)
android.support.v4.view.MenuItemCompatHoneycomb
android.support.v4.view.MenuItemCompatHoneycomb: MenuItemCompatHoneycomb()
android.support.v4.view.MenuItemCompatHoneycomb: void setShowAsAction(android.view.MenuItem,int)
android.support.v4.view.MenuItemCompatHoneycomb: android.view.MenuItem setActionView(android.view.MenuItem,android.view.View)