proguard/mapping.txt
com.spacecaker.butter.BuildConfig -> com.spacecaker.butter.BuildConfig:
    boolean DEBUG -> DEBUG
com.spacecaker.butter.Constants -> com.spacecaker.butter.Constants:
    java.lang.String LASTFM_API_KEY -> LASTFM_API_KEY
    java.lang.String APOLLO -> APOLLO
    java.lang.String APOLLO_PREFERENCES -> APOLLO_PREFERENCES
    java.lang.String ARTIST_KEY -> ARTIST_KEY
    java.lang.String ALBUM_KEY -> ALBUM_KEY
    java.lang.String ALBUM_ID_KEY -> ALBUM_ID_KEY
    java.lang.String NUMALBUMS -> NUMALBUMS
    java.lang.String GENRE_KEY -> GENRE_KEY
    java.lang.String ARTIST_ID -> ARTIST_ID
    java.lang.String NUMWEEKS -> NUMWEEKS
    java.lang.String PLAYLIST_NAME_FAVORITES -> PLAYLIST_NAME_FAVORITES
    java.lang.String PLAYLIST_NAME -> PLAYLIST_NAME
    java.lang.String WIDGET_STYLE -> WIDGET_STYLE
    java.lang.String THEME_PACKAGE_NAME -> THEME_PACKAGE_NAME
    java.lang.String THEME_DESCRIPTION -> THEME_DESCRIPTION
    java.lang.String THEME_PREVIEW -> THEME_PREVIEW
    java.lang.String THEME_TITLE -> THEME_TITLE
    java.lang.String VISUALIZATION_TYPE -> VISUALIZATION_TYPE
    java.lang.String UP_STARTS_ALBUM_ACTIVITY -> UP_STARTS_ALBUM_ACTIVITY
    java.lang.String TABS_ENABLED -> TABS_ENABLED
    java.lang.String TYPE_ARTIST -> TYPE_ARTIST
    java.lang.String TYPE_ALBUM -> TYPE_ALBUM
    java.lang.String TYPE_GENRE -> TYPE_GENRE
    java.lang.String TYPE_PLAYLIST -> TYPE_PLAYLIST
    java.lang.String ALBUM_SUFFIX -> ALBUM_SUFFIX
    java.lang.String ARTIST_SUFFIX -> ARTIST_SUFFIX
    java.lang.String PLAYLIST_SUFFIX -> PLAYLIST_SUFFIX
com.spacecaker.butter.IApolloService -> com.spacecaker.butter.IApolloService:
    void openFile(java.lang.String) -> openFile
    void open(long[],int) -> open
    long getIdFromPath(java.lang.String) -> getIdFromPath
    int getQueuePosition() -> getQueuePosition
    boolean isPlaying() -> isPlaying
    void stop() -> stop
    void pause() -> pause
    void play() -> play
    void prev() -> prev
    void next() -> next
    long duration() -> duration
    long position() -> position
    long seek(long) -> seek
    java.lang.String getTrackName() -> getTrackName
    java.lang.String getAlbumName() -> getAlbumName
    long getAlbumId() -> getAlbumId
    android.graphics.Bitmap getAlbumBitmap() -> getAlbumBitmap
    java.lang.String getArtistName() -> getArtistName
    long getArtistId() -> getArtistId
    void enqueue(long[],int) -> enqueue
    long[] getQueue() -> getQueue
    void setQueuePosition(int) -> setQueuePosition
    java.lang.String getPath() -> getPath
    long getAudioId() -> getAudioId
    void setShuffleMode(int) -> setShuffleMode
    void notifyChange(java.lang.String) -> notifyChange
    int getShuffleMode() -> getShuffleMode
    int removeTracks(int,int) -> removeTracks
    int removeTrack(long) -> removeTrack
    void setRepeatMode(int) -> setRepeatMode
    int getRepeatMode() -> getRepeatMode
    int getMediaMountedCount() -> getMediaMountedCount
    int getAudioSessionId() -> getAudioSessionId
    void addToFavorites(long) -> addToFavorites
com.spacecaker.butter.IApolloService$Stub -> com.spacecaker.butter.IApolloService$Stub:
    com.spacecaker.butter.IApolloService asInterface(android.os.IBinder) -> asInterface
    android.os.IBinder asBinder() -> asBinder
    boolean onTransact(int,android.os.Parcel,android.os.Parcel,int) -> onTransact
...
android.support.v4.app.FragmentManagerImpl$3 -> android.support.v4.app.FragmentManagerImpl$3:
    java.lang.String val$name -> val$name
    int val$flags -> val$flags
    android.support.v4.app.FragmentManagerImpl this$0 -> this$0
    void run() -> run
android.support.v4.app.FragmentManagerImpl$4 -> android.support.v4.app.FragmentManagerImpl$4:
    int val$id -> val$id
    int val$flags -> val$flags
    android.support.v4.app.FragmentManagerImpl this$0 -> this$0
    void run() -> run
android.support.v4.app.FragmentManagerImpl$5 -> android.support.v4.app.FragmentManagerImpl$5:
    android.support.v4.app.Fragment val$fragment -> val$fragment
    android.support.v4.app.FragmentManagerImpl this$0 -> this$0
    void onAnimationEnd(android.view.animation.Animation) -> onAnimationEnd
    void onAnimationRepeat(android.view.animation.Animation) -> onAnimationRepeat
    void onAnimationStart(android.view.animation.Animation) -> onAnimationStart
android.support.v4.app.FragmentManagerState -> android.support.v4.app.FragmentManagerState:
    android.support.v4.app.FragmentState[] mActive -> mActive
    int[] mAdded -> mAdded
    android.support.v4.app.BackStackState[] mBackStack -> mBackStack
    android.os.Parcelable$Creator CREATOR -> CREATOR
    int describeContents() -> describeContents
    void writeToParcel(android.os.Parcel,int) -> writeToParcel
android.support.v4.app.FragmentManagerState$1 -> android.support.v4.app.FragmentManagerState$1:
    android.support.v4.app.FragmentManagerState createFromParcel(android.os.Parcel) -> createFromParcel
    android.support.v4.app.FragmentManagerState[] newArray(int) -> newArray
    java.lang.Object[] newArray(int) -> newArray
    java.lang.Object createFromParcel(android.os.Parcel) -> createFromParcel
android.support.v4.app.FragmentPagerAdapter -> android.support.v4.app.FragmentPagerAdapter:
    java.lang.String TAG -> TAG
    boolean DEBUG -> DEBUG
    android.support.v4.app.FragmentManager mFragmentManager -> mFragmentManager
    android.support.v4.app.FragmentTransaction mCurTransaction -> mCurTransaction
    android.support.v4.app.Fragment mCurrentPrimaryItem -> mCurrentPrimaryItem
    android.support.v4.app.Fragment getItem(int) -> getItem
    void startUpdate(android.view.ViewGroup) -> startUpdate
    java.lang.Object instantiateItem(android.view.ViewGroup,int) -> instantiateItem
    void destroyItem(android.view.ViewGroup,int,java.lang.Object) -> destroyItem
    void setPrimaryItem(android.view.ViewGroup,int,java.lang.Object) -> setPrimaryItem
    void finishUpdate(android.view.ViewGroup) -> finishUpdate
    boolean isViewFromObject(android.view.View,java.lang.Object) -> isViewFromObject
    android.os.Parcelable saveState() -> saveState
    void restoreState(android.os.Parcelable,java.lang.ClassLoader) -> restoreState
    long getItemId(int) -> getItemId
    java.lang.String makeFragmentName(int,long) -> makeFragmentName
android.support.v4.app.FragmentState -> android.support.v4.app.FragmentState:
    java.lang.String mClassName -> mClassName
    int mIndex -> mIndex
    boolean mFromLayout -> mFromLayout
    int mFragmentId -> mFragmentId
    int mContainerId -> mContainerId
    java.lang.String mTag -> mTag
    boolean mRetainInstance -> mRetainInstance
    boolean mDetached -> mDetached
    android.os.Bundle mArguments -> mArguments
    android.os.Bundle mSavedFragmentState -> mSavedFragmentState
    android.support.v4.app.Fragment mInstance -> mInstance
    android.os.Parcelable$Creator CREATOR -> CREATOR
    android.support.v4.app.Fragment instantiate(android.support.v4.app.FragmentActivity,android.support.v4.app.Fragment) -> instantiate
    int describeContents() -> describeContents
    void writeToParcel(android.os.Parcel,int) -> writeToParcel