proguard/usage.txt
com.spacecaker.butter.IApolloService$Stub:
    private static final java.lang.String DESCRIPTOR
    static final int TRANSACTION_openFile
    static final int TRANSACTION_open
    static final int TRANSACTION_getIdFromPath
    static final int TRANSACTION_getQueuePosition
    static final int TRANSACTION_isPlaying
    static final int TRANSACTION_stop
    static final int TRANSACTION_pause
    static final int TRANSACTION_play
    static final int TRANSACTION_prev
    static final int TRANSACTION_next
    static final int TRANSACTION_duration
    static final int TRANSACTION_position
    static final int TRANSACTION_seek
    static final int TRANSACTION_getTrackName
    static final int TRANSACTION_getAlbumName
    static final int TRANSACTION_getAlbumId
    static final int TRANSACTION_getAlbumBitmap
    static final int TRANSACTION_getArtistName
    static final int TRANSACTION_getArtistId
    static final int TRANSACTION_enqueue
    static final int TRANSACTION_getQueue
    static final int TRANSACTION_setQueuePosition
    static final int TRANSACTION_getPath
    static final int TRANSACTION_getAudioId
    static final int TRANSACTION_setShuffleMode
    static final int TRANSACTION_notifyChange
    static final int TRANSACTION_getShuffleMode
    static final int TRANSACTION_removeTracks
    static final int TRANSACTION_removeTrack
    static final int TRANSACTION_setRepeatMode
    static final int TRANSACTION_getRepeatMode
com.spacecaker.butter.IApolloService$Stub$Proxy:
    382:382:public java.lang.String getInterfaceDescriptor()
com.spacecaker.butter.activities.AudioPlayerHolder:
    private static final int FAVORITE
    private static final int SEARCH
    private static final int EFFECTS_PANEL
com.spacecaker.butter.activities.PlayExternal:
    private static final java.lang.String TAG
com.spacecaker.butter.app.widgets.AppWidget11:
    static final java.lang.String TAG
com.spacecaker.butter.helpers.lastfm.Album:
    54:56:private Album(java.lang.String,java.lang.String,java.lang.String,int,int,boolean,java.lang.String)
com.spacecaker.butter.helpers.lastfm.Caller:
    private static final java.lang.String PARAM_API_KEY
    private static final java.lang.String DEFAULT_API_ROOT
com.spacecaker.butter.helpers.lastfm.Session:
    114:119:static com.spacecaker.butter.helpers.lastfm.Session sessionFromElement(com.spacecaker.butter.helpers.DomElement,java.lang.String,java.lang.String)
com.spacecaker.butter.helpers.utils.ImageUtils:
    private static final java.lang.String IMAGE_EXTENSION
com.spacecaker.butter.service.ApolloService:
    private static final int TRACK_ENDED
    private static final int RELEASE_WAKELOCK
    private static final int SERVER_DIED
    private static final int FOCUSCHANGE
    private static final int FADEDOWN
    private static final int FADEUP
    private static final int TRACK_WENT_TO_NEXT
    private static final int MAX_HISTORY_SIZE
    private static final java.lang.String LOGTAG
    private static final int IDCOLIDX
    private static final int PODCASTCOLIDX
    private static final int BOOKMARKCOLIDX
    private static final int IDLE_DELAY
com.spacecaker.butter.service.MediaButtonIntentReceiver:
    private static final int MSG_LONGPRESS_TIMEOUT
    private static final int LONG_PRESS_DELAY
com.spacecaker.butter.ui.fragments.AudioPlayerFragment:
    private static final int REFRESH
    private static final int UPDATEINFO
com.spacecaker.butter.ui.fragments.list.PlaylistsFragment:
    private static final int PLAY_SELECTION
    private static final int DELETE_PLAYLIST
    private static final int RENAME_PLAYLIST
...
android.support.v13.app.FragmentCompatICS:
    21:21:FragmentCompatICS()
android.support.v13.app.FragmentCompatICSMR1:
    21:21:FragmentCompatICSMR1()
android.support.v13.app.FragmentPagerAdapter:
    private static final java.lang.String TAG
    private static final boolean DEBUG
android.support.v13.app.FragmentStatePagerAdapter:
    private static final java.lang.String TAG
    private static final boolean DEBUG
com.androidquery.callback.AbstractAjaxCallback:
    private static final java.lang.String lineEnd
    private static final java.lang.String twoHyphens
    private static final java.lang.String boundary
com.androidquery.callback.BitmapAjaxCallback:
    private static final int FADE_DUR
com.androidquery.service.MarketService:
    private boolean fetch
    private boolean completed
    private static final java.lang.String SKIP_VERSION
    private static final java.lang.String BULLET
    57:57:static synthetic boolean access$1(com.androidquery.service.MarketService)
    57:57:static synthetic void access$2(com.androidquery.service.MarketService,boolean)
    47:47:static synthetic com.androidquery.AQuery access$3(com.androidquery.service.MarketService)
    53:53:static synthetic int access$4(com.androidquery.service.MarketService)
    58:58:static synthetic boolean access$5(com.androidquery.service.MarketService)
    58:58:static synthetic void access$6(com.androidquery.service.MarketService,boolean)
    53:53:static synthetic void access$7(com.androidquery.service.MarketService,int)
    218:218:static synthetic java.lang.String access$8(com.androidquery.service.MarketService)
com.androidquery.service.MarketService$Handler:
    435:468:public void marketCb(java.lang.String,org.json.JSONObject,com.androidquery.callback.AjaxStatus)
    472:477:private void cb(java.lang.String,org.json.JSONObject,com.androidquery.callback.AjaxStatus)
    482:495:public void detailCb(java.lang.String,java.lang.String,com.androidquery.callback.AjaxStatus)
com.androidquery.util.AQUtility:
    private static final int IO_BUFFER_SIZE
com.androidquery.util.BitmapCache:
    private static final long serialVersionUID
com.androidquery.util.WebImage:
    private static final java.lang.String PREF_FILE
    private static final java.lang.String DOUBLE_TAP_TOAST_COUNT